<?xml version="1.0" encoding="UTF-8"?>
<testng-results ignored="0" total="1" passed="1" failed="0" skipped="0">
  <reporter-output>
  </reporter-output>
  <suite started-at="2023-04-24T22:44:40 IST" name="Default suite" finished-at="2023-04-24T22:45:09 IST" duration-ms="28367">
    <groups>
    </groups>
    <test started-at="2023-04-24T22:44:40 IST" name="Default test" finished-at="2023-04-24T22:45:09 IST" duration-ms="28367">
      <class name="testng.IdLocators">
        <test-method is-config="true" signature="beforeTest()[pri:0, instance:testng.IdLocators@53ce1329]" started-at="2023-04-24T22:44:40 IST" name="beforeTest" finished-at="2023-04-24T22:44:48 IST" duration-ms="7872" status="PASS">
          <reporter-output>
          </reporter-output>
        </test-method> <!-- beforeTest -->
        <test-method signature="f()[pri:0, instance:testng.IdLocators@53ce1329]" started-at="2023-04-24T22:44:48 IST" name="f" finished-at="2023-04-24T22:45:09 IST" duration-ms="20446" status="PASS">
          <reporter-output>
          </reporter-output>
        </test-method> <!-- f -->
      </class> <!-- testng.IdLocators -->
    </test> <!-- Default test -->
  </suite> <!-- Default suite -->
</testng-results>
